[alyson8310.hocoos.com/index.html]
[backblue.gif]
[fade.gif]
[index.html]
[alyson8310.hocoos.com/_nuxt/css/bcbfe019e5f43bbfbca0.css]
[apis.google.com/js/platform.js]
[img2.hocoos.com/cache/img-pack/897/w-176/h-176/x-99/y-71/img-pack/897/left-78.png]
[img2.hocoos.com/cache/img-pack/897/w-160/h-160/x-102/y-64/img-pack/897/right-78.png]
[img2.hocoos.com/cache/img-pack/897/w-352/h-352/x-0/y-0/img-pack/897/left-84.png]
[img2.hocoos.com/cache/img-pack/897/w-352/h-352/x-0/y-0/img-pack/897/right-84.png]
[img2.hocoos.com/cache/u/274303/237769/w-338/h-500/x-77/y-0/u/274303/237769/sambal_pantura101_1703899953_3268872196805490362_63790377308-removebg-preview_71928.png]
[alyson8310.hocoos.com/about-usa0ba.html]
[alyson8310.hocoos.com/store/collections/store135f.html]
[alyson8310.hocoos.com/galleryfd57.html]
[alyson8310.hocoos.com/contact-usd879.html]
[alyson8310.hocoos.com/_ipx/f_webp,q_90/https_/img2.hocoos.com/cache/u/274303/237769/w-2048/h-774/x-4/y-195/ww-1900/wh-720/u/274303/237769/WEEEEEE_3db59.png]
[alyson8310.hocoos.com/d/AboutUs.html]
[alyson8310.hocoos.com/_ipx/f_webp,q_90/https_/img2.hocoos.com/cache/u/274303/237769/w-2046/h-773/x-0/y-115/ww-1900/wh-720/u/274303/237769/SSSSSSSSSS_536b0.png]
[alyson8310.hocoos.com/_ipx/f_webp,q_90/https_/img2.hocoos.com/cache/u/274303/237769/w-2048/h-776/x-0/y-86/ww-1900/wh-720/u/274303/237769/RRRRRRRR_803cb.png]
[alyson8310.hocoos.com/_ipx/f_webp,q_50,s_505x355/https_/img2.hocoos.com/cache/u/274303/237769/w-2040/h-1363/x-7/y-336/ww-505/wh-355/u/274303/237769/19_089ad.png]
[alyson8310.hocoos.com/_ipx/f_webp,q_50,s_505x355/https_/img2.hocoos.com/cache/u/274303/237769/w-1724/h-1153/x-117/y-6/ww-505/wh-355/u/274303/237769/7_b4377.png]
[alyson8310.hocoos.com/_ipx/f_webp,q_50,s_505x355/https_/img2.hocoos.com/cache/u/274303/237769/w-1215/h-812/x-164/y-26/ww-505/wh-355/u/274303/237769/Default_Design_an_image_featuring_Cumi_Asin_Salted_Squid_Tuna_0]
[alyson8310.hocoos.com/_ipx/f_webp,q_50,s_505x355/https_/img2.hocoos.com/cache/u/274303/237769/w-1984/h-1325/x-36/y-405/ww-505/wh-355/u/274303/237769/12_fd183.png]
[alyson8310.hocoos.com/_ipx/f_webp,q_50,s_505x355/https_/img2.hocoos.com/cache/u/274303/237769/w-561/h-375/x--4/y-333/ww-505/wh-355/u/274303/237769/8d1c1e9974e4a4b2f1610f01201324fa_80523.png]
[alyson8310.hocoos.com/_ipx/f_webp,q_50,s_178x178/https_/img2.hocoos.com/cache/img-pack/897/w-178/h-178/ww-178/wh-178/img-pack/897/pexels-photo-175977-1024x683.jpg]
[alyson8310.hocoos.com/_ipx/f_webp,q_50,s_505x355/https_/img2.hocoos.com/cache/u/274303/237769/w-2232/h-1492/x-137/y-6/ww-505/wh-355/u/274303/237769/Default_Create_an_image_of_a_Sambal_Manufacturing_Plant_captur_]
[alyson8310.hocoos.com/_ipx/f_webp,q_50,s_178x178/https_/img2.hocoos.com/cache/img-pack/897/w-178/h-178/ww-178/wh-178/img-pack/897/allef-vinicius-151912-1024x691.jpg]
[alyson8310.hocoos.com/_ipx/f_webp,q_50,s_178x178/https_/img2.hocoos.com/cache/img-pack/897/w-178/h-178/ww-178/wh-178/img-pack/897/pexels-photo-26939-1-1024x1024%20(1).jpg]
[alyson8310.hocoos.com/_ipx/f_webp,q_50,s_178x178/https_/img2.hocoos.com/cache/img-pack/897/w-178/h-178/ww-178/wh-178/img-pack/897/jason-blackeye-223584-1024x849%20(2).jpg]
[alyson8310.hocoos.com/_ipx/f_webp,q_50,s_591x517/https_/img2.hocoos.com/cache/u/274303/237769/w-1110/h-971/x-464/y-21/ww-591/wh-517/u/274303/237769/2_8f0e6.png]
[alyson8310.hocoos.com/_ipx/f_webp,q_50,s_591x517/https_/img2.hocoos.com/cache/u/274303/237769/w-1155/h-1009/x-446/y-45/ww-591/wh-517/u/274303/237769/3_b7a3c.png]
[alyson8310.hocoos.com/_ipx/f_webp,q_50,s_1212x517/https_/img2.hocoos.com/cache/u/274303/237769/w-2019/h-859/x-5/y-111/ww-1212/wh-517/u/274303/237769/1_adc38.png]
[alyson8310.hocoos.com/_ipx/f_webp,q_50,s_657x1075/https_/img2.hocoos.com/cache/u/274303/237769/w-615/h-1006/x-716/y-76/ww-657/wh-1075/u/274303/237769/4_6f060.png]
[alyson8310.hocoos.com/cdn-cgi/l/email-protection.html]
[alyson8310.hocoos.com/_ipx/f_webp,q_50,s_620x285/https_/img2.hocoos.com/cache/img-pack/1/w-620/h-285/ww-620/wh-285/img-pack/1/default-footer-bg.png]
[alyson8310.hocoos.com/cdn-cgi/scripts/5c5dd728/cloudflare-static/email-decode.min.js]
[alyson8310.hocoos.com/static]
[alyson8310.hocoos.com/_nuxt/js/runtime.fe846acadea681c2d8dc.js]
[alyson8310.hocoos.com/_nuxt/js/commons/app.7e0d52a3c665a0e7f745.js]
[alyson8310.hocoos.com/index.html]
[alyson8310.hocoos.com/_nuxt/js/app.1c60bf2856f5a9488f79.js]
[alyson8310.hocoos.com/_nuxt/fonts/kmb-site-icons.5311dd1.eot]
[alyson8310.hocoos.com/_nuxt/fonts/kmb-site-icons.b5db534.ttf]
[alyson8310.hocoos.com/_nuxt/fonts/kmb-site-icons.f1331cc.woff]
[alyson8310.hocoos.com/_nuxt/css/bcbfe019e5f43bbfbca0.css]
[alyson8310.hocoos.com/_nuxt/img/kmb-site-icons.bae9e5b.svg]
[alyson8310.hocoos.com/about-us.html]
[alyson8310.hocoos.com/_ipx/f_webp,q_50,s_512x255/https_/img2.hocoos.com/cache/u/274303/237769/w-2648/h-1315/x-24/y-56/ww-512/wh-255/u/274303/237769/Default_Design_an_enticing_background_theme_featuring_an_array_]
[alyson8310.hocoos.com/_ipx/f_webp,q_50,s_512x255/https_/img2.hocoos.com/cache/u/274303/237769/w-2048/h-1017/x-1/y-124/ww-512/wh-255/u/274303/237769/3_de083.png]
[alyson8310.hocoos.com/_ipx/f_webp,q_50,s_512x255/https_/img2.hocoos.com/cache/u/274303/237769/w-2022/h-1006/x-19/y-33/ww-512/wh-255/u/274303/237769/10_9ae0e.png]
[alyson8310.hocoos.com/_ipx/f_webp,q_50,s_512x255/https_/img2.hocoos.com/cache/u/274303/237769/w-2042/h-1014/x-2/y-104/ww-512/wh-255/u/274303/237769/Untitled%20design_32c9f.png]
[alyson8310.hocoos.com/_ipx/f_webp,q_50,s_960x650/https_/img2.hocoos.com/cache/u/274303/237769/w-1890/h-1279/x--432/y-0/ww-960/wh-650/u/274303/237769/photo_2024-02-27_21-10-59_ad019.png]
[alyson8310.hocoos.com/_ipx/f_webp,q_50,s_960x650/https_/img2.hocoos.com/cache/u/274303/237769/w-1900/h-1285/x--431/y-0/ww-960/wh-650/u/274303/237769/photo_2024-02-27_21-45-56_87b2d.png]
[alyson8310.hocoos.com/_ipx/f_webp,q_50,s_554x540/https_/img2.hocoos.com/cache/u/274303/237769/w-1135/h-1105/x-456/y-14/ww-554/wh-540/u/274303/237769/3_b7a3c.png]
[alyson8310.hocoos.com/_ipx/f_webp,q_50,s_554x540/https_/img2.hocoos.com/cache/u/274303/237769/w-1516/h-1476/x-593/y-5/ww-554/wh-540/u/274303/237769/Default_Design_an_enticing_background_theme_featuring_an_array_]
[alyson8310.hocoos.com/_ipx/f_webp,q_50,s_554x540/https_/img2.hocoos.com/cache/u/274303/237769/w-1171/h-1140/x-232/y-20/ww-554/wh-540/u/274303/237769/7_b4377.png]
[alyson8310.hocoos.com/_ipx/f_webp,q_50,s_554x540/https_/img2.hocoos.com/cache/u/274303/237769/w-872/h-849/x-345/y-4/ww-554/wh-540/u/274303/237769/Default_Design_an_image_featuring_Cumi_Asin_Salted_Squid_Tuna_0_9]
[alyson8310.hocoos.com/_ipx/f_webp,q_50,s_554x540/https_/img2.hocoos.com/cache/u/274303/237769/w-1135/h-1105/x-347/y-19/ww-554/wh-540/u/274303/237769/Untitled%20design_32c9f.png]
[alyson8310.hocoos.com/_ipx/f_webp,q_50,s_554x540/https_/img2.hocoos.com/cache/u/274303/237769/w-1167/h-1135/x-412/y-8/ww-554/wh-540/u/274303/237769/10_9ae0e.png]
[alyson8310.hocoos.com/about-usa0ba.html]
[alyson8310.hocoos.com/store/collections/store.html]
[alyson8310.hocoos.com/store/products/sambal-cumi.html]
[alyson8310.hocoos.com/_ipx/_/https_/img2.hocoos.com/cache/u/274303/237769/w-1690/h-2048/x-223/y--3/ww-255/wh-309/u/274303/237769/11_82502.png]
[alyson8310.hocoos.com/store/products/sambal-pete.html]
[alyson8310.hocoos.com/_ipx/_/https_/img2.hocoos.com/cache/u/274303/237769/w-1690/h-2048/x-169/y-0/ww-255/wh-309/u/274303/237769/10_db6aa.png]
[alyson8310.hocoos.com/store/products/sambal-bebek-hitam.html]
[alyson8310.hocoos.com/_ipx/_/https_/img2.hocoos.com/cache/u/274303/237769/w-1690/h-2048/x-191/y--3/ww-255/wh-309/u/274303/237769/8_7ebd8.png]
[alyson8310.hocoos.com/store/products/sambal-original.html]
[alyson8310.hocoos.com/_ipx/_/https_/img2.hocoos.com/cache/u/274303/237769/w-1690/h-2048/x-173/y-4/ww-255/wh-309/u/274303/237769/12_fd183.png]
[alyson8310.hocoos.com/store/products/sambal-lombok-ijo.html]
[alyson8310.hocoos.com/_ipx/_/https_/img2.hocoos.com/cache/u/274303/237769/w-1690/h-2048/x-165/y-4/ww-255/wh-309/u/274303/237769/9_370f7.png]
[alyson8310.hocoos.com/store/products/sambal-tuna.html]
[alyson8310.hocoos.com/_ipx/_/https_/img2.hocoos.com/cache/u/274303/237769/w-1690/h-2048/x-194/y-0/ww-255/wh-309/u/274303/237769/7_01afa.png]
[alyson8310.hocoos.com/store/collections/static]
[alyson8310.hocoos.com/store/collections/store135f.html]
[alyson8310.hocoos.com/gallery.html]
[alyson8310.hocoos.com/_ipx/f_webp,q_50,s_415x736/https_/img2.hocoos.com/cache/u/274303/237769/w-634/h-1126/x-607/y-13/ww-415/wh-736/u/274303/237769/7_b4377.png]
[alyson8310.hocoos.com/_ipx/f_webp,q_50,s_407x736/https_/img2.hocoos.com/cache/u/274303/237769/w-604/h-1092/x-718/y-12/ww-407/wh-736/u/274303/237769/4_6f060.png]
[alyson8310.hocoos.com/_ipx/f_webp,q_50,s_407x398/https_/img2.hocoos.com/cache/u/274303/237769/w-1150/h-1124/x-271/y-11/ww-407/wh-398/u/274303/237769/Untitled%20design_32c9f.png]
[alyson8310.hocoos.com/_ipx/f_webp,q_50,s_407x398/https_/img2.hocoos.com/cache/u/274303/237769/w-1178/h-1152/x-426/y-0/ww-407/wh-398/u/274303/237769/10_9ae0e.png]
[alyson8310.hocoos.com/_ipx/f_webp,q_50,s_407x398/https_/img2.hocoos.com/cache/u/274303/237769/w-1118/h-1094/x-473/y-20/ww-407/wh-398/u/274303/237769/3_b7a3c.png]
[alyson8310.hocoos.com/galleryfd57.html]
[alyson8310.hocoos.com/_ipx/f_webp,q_50,s_407x736/https_/img2.hocoos.com/cache/u/274303/237769/w-791/h-1431/x-966/y-20/ww-407/wh-736/u/274303/237769/Default_Design_an_enticing_background_theme_featuring_an_array_]
[alyson8310.hocoos.com/_ipx/f_webp,q_50,s_407x736/https_/img2.hocoos.com/cache/u/274303/237769/w-827/h-1495/x-712/y-4/ww-407/wh-736/u/274303/237769/Default_Create_an_image_of_a_Sambal_Manufacturing_Plant_captur_0]
[alyson8310.hocoos.com/contact-usd879.html]
[alyson8310.hocoos.com/contact-us.html]
[alyson8310.hocoos.com/d/aboutus]
[alyson8310.hocoos.com/d/static]
[alyson8310.hocoos.com/d/AboutUs.html]
[alyson8310.hocoos.com/_ipx/f_webp,q_50,s_505x355/https_/img2.hocoos.com/cache/u/274303/237769/w-1660/h-1110/x-10/y-13/ww-505/wh-355/u/274303/237769/10_5d184.html]
[alyson8310.hocoos.com/cdn-cgi/l/email-protection.html]
[alyson8310.hocoos.com/static.html]
[alyson8310.hocoos.com/_nuxt/img/kmb-site-icons.bae9e5b.svg]
[alyson8310.hocoos.com/about-us.html]
[alyson8310.hocoos.com/store/collections/store.html]
[alyson8310.hocoos.com/_ipx/f_webp,q_50,s_730x762/https_/img2.hocoos.com/cache/u/274303/237769/w-2048/h-1945/x-0/y-0/ww-730/wh-762/u/274303/237769/11_82502.png]
[alyson8310.hocoos.com/_ipx/f_webp,q_50,s_730x762/https_/img2.hocoos.com/cache/w-730/h-762/ww-730/wh-762/product-img-pack/0/default/product-default-image-new.png]
[alyson8310.hocoos.com/store/products/static]
[alyson8310.hocoos.com/store/products/product-img-pack]
[alyson8310.hocoos.com/store/products/sambal-cumi.html]
[alyson8310.hocoos.com/_ipx/f_webp,q_50,s_730x762/https_/img2.hocoos.com/cache/u/274303/237769/w-1961/h-2048/x-43/y--6/ww-730/wh-762/u/274303/237769/10_db6aa.png]
[alyson8310.hocoos.com/store/products/sambal-pete.html]
[alyson8310.hocoos.com/_ipx/f_webp,q_50,s_730x762/https_/img2.hocoos.com/cache/u/274303/237769/w-2048/h-1945/x-0/y-0/ww-730/wh-762/u/274303/237769/8_7ebd8.png]
[alyson8310.hocoos.com/store/products/sambal-bebek-hitam.html]
[alyson8310.hocoos.com/_ipx/f_webp,q_50,s_730x762/https_/img2.hocoos.com/cache/u/274303/237769/w-1961/h-2048/x-43/y--3/ww-730/wh-762/u/274303/237769/12_fd183.png]
[alyson8310.hocoos.com/store/products/sambal-original.html]
[alyson8310.hocoos.com/_ipx/f_webp,q_50,s_730x762/https_/img2.hocoos.com/cache/u/274303/237769/w-2048/h-1945/x-0/y-0/ww-730/wh-762/u/274303/237769/9_370f7.png]
[alyson8310.hocoos.com/store/products/sambal-lombok-ijo.html]
[alyson8310.hocoos.com/_ipx/f_webp,q_50,s_730x762/https_/img2.hocoos.com/cache/u/274303/237769/w-1961/h-2048/x-58/y-3/ww-730/wh-762/u/274303/237769/7_01afa.png]
[alyson8310.hocoos.com/store/products/sambal-tuna.html]
[alyson8310.hocoos.com/store/collections/static.html]
[alyson8310.hocoos.com/gallery.html]
[alyson8310.hocoos.com/contact-us.html]
[alyson8310.hocoos.com/d/aboutus-2.html]
[alyson8310.hocoos.com/d/static.html]
[alyson8310.hocoos.com/store/products/static.html]
[alyson8310.hocoos.com/store/products/product-img-pack.html]
